Build started 08/04/2014 22:08:01.
     1>Project "E:\tubes\tsp\tsalesman\tsalesman\tsalesman.vcxproj" on node 2 (build target(s)).
     1>InitializeBuildStatus:
         Creating "Debug\tsalesman.unsuccessfulbuild" because "AlwaysCreate" was specified.
       ClCompile:
         All outputs are up-to-date.
         C:\Program Files (x86)\Microsoft Visual Studio 10.0\VC\bin\CL.exe /c /I"E:\tubes\tsp\tsalesman\tsalesman\SFML-2.0\include" /ZI /nologo /W3 /WX- /Od /Oy- /D SFML_DYNAMIC /D WIN32 /D _DEBUG /D _CONSOLE /D _UNICODE /D UNICODE /Gm /EHsc /RTC1 /MDd /GS /fp:precise /Zc:wchar_t /Zc:forScope /Yu"StdAfx.h" /Fp"Debug\tsalesman.pch" /Fo"Debug\\" /Fd"Debug\vc100.pdb" /Gd /TP /analyze- /errorReport:prompt tsalesman.cpp
         tsalesman.cpp
     1>e:\tubes\tsp\tsalesman\tsalesman\tsalesman.cpp(18): warning C4305: 'argument' : truncation from 'double' to 'float'
     1>e:\tubes\tsp\tsalesman\tsalesman\tsalesman.cpp(20): warning C4305: 'argument' : truncation from 'double' to 'float'
     1>e:\tubes\tsp\tsalesman\tsalesman\tsalesman.cpp(62): warning C4996: 'scanf': This function or variable may be unsafe. Consider using scanf_s instead. To disable deprecation, use _CRT_SECURE_NO_WARNINGS. See online help for details.
                 c:\program files (x86)\microsoft visual studio 10.0\vc\include\stdio.h(304) : see declaration of 'scanf'
     1>e:\tubes\tsp\tsalesman\tsalesman\tsalesman.cpp(48): warning C4715: 'doBFS' : not all control paths return a value
       ManifestResourceCompile:
         All outputs are up-to-date.
       Link:
         C:\Program Files (x86)\Microsoft Visual Studio 10.0\VC\bin\link.exe /ERRORREPORT:PROMPT /OUT:"E:\tubes\tsp\tsalesman\Debug\tsalesman.exe" /INCREMENTAL /NOLOGO /LIBPATH:"E:\tubes\tsp\tsalesman\tsalesman\SFML-2.0\lib" "sfml-audio-d.lib" "sfml-graphics-d.lib" "sfml-window-d.lib" "sfml-system-d.lib" kernel32.lib user32.lib gdi32.lib winspool.lib comdlg32.lib advapi32.lib shell32.lib ole32.lib oleaut32.lib uuid.lib odbc32.lib odbccp32.lib kernel32.lib user32.lib gdi32.lib winspool.lib comdlg32.lib advapi32.lib shell32.lib ole32.lib oleaut32.lib uuid.lib odbc32.lib odbccp32.lib /MANIFEST /ManifestFile:"Debug\tsalesman.exe.intermediate.manifest" /MANIFESTUAC:"level='asInvoker' uiAccess='false'" /DEBUG /PDB:"E:\tubes\tsp\tsalesman\Debug\tsalesman.pdb" /SUBSYSTEM:CONSOLE /TLBID:1 /DYNAMICBASE /NXCOMPAT /IMPLIB:"E:\tubes\tsp\tsalesman\Debug\tsalesman.lib" /MACHINE:X86 Debug\tsalesman.exe.embed.manifest.res
         Debug\Graph.obj
         Debug\Line.obj
         Debug\Node.obj
         Debug\stdafx.obj
         Debug\tsalesman.obj
       Manifest:
         C:\Program Files (x86)\Microsoft SDKs\Windows\v7.0A\bin\mt.exe /nologo /verbose /out:"Debug\tsalesman.exe.embed.manifest" /manifest Debug\tsalesman.exe.intermediate.manifest
         All outputs are up-to-date.
       LinkEmbedManifest:
         All outputs are up-to-date.
         tsalesman.vcxproj -> E:\tubes\tsp\tsalesman\Debug\tsalesman.exe
       FinalizeBuildStatus:
         Deleting file "Debug\tsalesman.unsuccessfulbuild".
         Touching "Debug\tsalesman.lastbuildstate".
     1>Done Building Project "E:\tubes\tsp\tsalesman\tsalesman\tsalesman.vcxproj" (build target(s)).

Build succeeded.

Time Elapsed 00:00:00.57
